e:\opengl教程_nehe_源代码_1-48\lesson01\debug\lesson1.obj
e:\opengl教程_nehe_源代码_1-48\lesson01\debug\vc100.pdb
e:\opengl教程_nehe_源代码_1-48\lesson01\debug\lesson1.exe.embed.manifest.res
j:\e\opengl教程_nehe_源代码_1-48\lesson01\debug\vc141.pdb
j:\e\opengl教程_nehe_源代码_1-48\lesson01\debug\vc141.idb
j:\e\opengl教程_nehe_源代码_1-48\lesson01\debug\lesson1.obj
j:\e\opengl教程_nehe_源代码_1-48\lesson01\debug\lesson1.vcxprojresolveassemblyreference.cache
j:\e\opengl教程_nehe_源代码_1-48\lesson01\debug\cl.command.1.tlog
j:\e\opengl教程_nehe_源代码_1-48\lesson01\debug\cl.read.1.tlog
j:\e\opengl教程_nehe_源代码_1-48\lesson01\debug\cl.write.1.tlog
j:\e\opengl教程_nehe_源代码_1-48\lesson01\debug\lesson1.write.1.tlog
j:\e\opengl教程_nehe_源代码_1-48\lesson01\debug\link.command.1.tlog
j:\e\opengl教程_nehe_源代码_1-48\lesson01\debug\link.read.1.tlog
j:\e\opengl教程_nehe_源代码_1-48\lesson01\debug\link.write.1.tlog
j:\e\opengl教程_nehe_源代码_1-48\lesson01\debug\rc.command.1.tlog
j:\e\opengl教程_nehe_源代码_1-48\lesson01\debug\rc.read.1.tlog
j:\e\opengl教程_nehe_源代码_1-48\lesson01\debug\rc.write.1.tlog
j:\e\opengl教程_nehe_源代码_1-48\lesson01\debug\lesson1.exe.embed.manifest
j:\e\opengl教程_nehe_源代码_1-48\lesson01\debug\lesson1.exe.embed.manifest.res
j:\e\opengl教程_nehe_源代码_1-48\lesson01\debug\vc100.idb
j:\e\opengl教程_nehe_源代码_1-48\lesson01\debug\vc60.idb
j:\e\opengl教程_nehe_源代码_1-48\lesson01\debug\lesson1.pdb
j:\e\opengl教程_nehe_源代码_1-48\lesson01\debug\vc100.pdb
j:\e\opengl教程_nehe_源代码_1-48\lesson01\debug\vc60.pdb
j:\e\opengl教程_nehe_源代码_1-48\lesson01\debug\lesson1_manifest.rc
j:\e\opengl教程_nehe_源代码_1-48\lesson01\debug\lesson1.tlog\cl.command.1.tlog
j:\e\opengl教程_nehe_源代码_1-48\lesson01\debug\lesson1.tlog\cl.read.1.tlog
j:\e\opengl教程_nehe_源代码_1-48\lesson01\debug\lesson1.tlog\cl.write.1.tlog
j:\e\opengl教程_nehe_源代码_1-48\lesson01\debug\lesson1.tlog\link-cvtres.read.1.tlog
j:\e\opengl教程_nehe_源代码_1-48\lesson01\debug\lesson1.tlog\link-cvtres.write.1.tlog
j:\e\opengl教程_nehe_源代码_1-48\lesson01\debug\lesson1.tlog\link-rc.read.1.tlog
j:\e\opengl教程_nehe_源代码_1-48\lesson01\debug\lesson1.tlog\link-rc.write.1.tlog
j:\e\opengl教程_nehe_源代码_1-48\lesson01\debug\lesson1.tlog\link.command.1.tlog
j:\e\opengl教程_nehe_源代码_1-48\lesson01\debug\lesson1.tlog\link.read.1.tlog
j:\e\opengl教程_nehe_源代码_1-48\lesson01\debug\lesson1.tlog\link.write.1.tlog
